<?xml version="1.0" encoding="UTF-8"?>
<TestRun id="d6a63530-357c-49fa-b382-9ff5b1a81b8e" name="ashok.majumder@CHELT0304 2014-12-25 03:14:45" runUser="CORP\ashok.majumder" xmlns="http://microsoft.com/schemas/VisualStudio/TeamTest/2010">
  <TestSettings name="Local" id="c17585ab-bac9-4721-bb24-d025c851577c">
    <Description>These are default test settings for a local test run.</Description>
    <Deployment enabled="false" runDeploymentRoot="ashok.majumder_CHELT0304 2014-12-25 03_14_45">
      <DeploymentItem filename="D:\CodingTest\CodingTest\TestFramework\bin\Debug\TestFramework.dll" />
    </Deployment>
    <Execution>
      <TestTypeSpecific />
      <AgentRule name="Execution Agents">
      </AgentRule>
    </Execution>
  </TestSettings>
  <Times creation="2014-12-25T03:14:45.6213180+05:30" queuing="2014-12-25T03:14:47.0762075+05:30" start="2014-12-25T03:14:47.1846907+05:30" finish="2014-12-25T03:14:54.0242561+05:30" />
  <ResultSummary outcome="Failed">
    <Counters total="4" executed="4" passed="1" error="0" failed="3" timeout="0" aborted="0" inconclusive="0" passedButRunAborted="0" notRunnable="0" notExecuted="0" disconnected="0" warning="0" completed="0" inProgress="0" pending="0" />
  </ResultSummary>
  <TestDefinitions>
    <UnitTest name="AddTwoDoubleNumber" storage="d:\codingtest\codingtest\tests\bin\debug\tests.dll" id="771074cc-1157-d121-49ab-2c1c12bfa98f">
      <Execution id="15d1eb3f-19ca-4b1a-9a66-d3dcc779fe05" />
      <TestMethod codeBase="D:/CodingTest/CodingTest/Tests/bin/Debug/Tests.DLL" adapterTypeName="Microsoft.VisualStudio.TestTools.TestTypes.Unit.UnitTestAdapter, Microsoft.VisualStudio.QualityTools.Tips.UnitTest.Adapter, Version=10.0.0.0, Culture=neutral, PublicKeyToken=b03f5f7f11d50a3a" className="Tests.CodingTests, Tests, Version=1.0.0.0, Culture=neutral, PublicKeyToken=null" name="AddTwoDoubleNumber" />
    </UnitTest>
    <UnitTest name="AddTwoInteger" storage="d:\codingtest\codingtest\tests\bin\debug\tests.dll" id="9a20c1b5-5e7f-f1e6-0a25-f6296eb304d5">
      <Execution id="57a0525e-608b-4dac-9e1b-dba4f53bca8d" />
      <TestMethod codeBase="D:/CodingTest/CodingTest/Tests/bin/Debug/Tests.DLL" adapterTypeName="Microsoft.VisualStudio.TestTools.TestTypes.Unit.UnitTestAdapter, Microsoft.VisualStudio.QualityTools.Tips.UnitTest.Adapter, Version=10.0.0.0, Culture=neutral, PublicKeyToken=b03f5f7f11d50a3a" className="Tests.CodingTests, Tests, Version=1.0.0.0, Culture=neutral, PublicKeyToken=null" name="AddTwoInteger" />
    </UnitTest>
    <UnitTest name="AddTwoFloatNumber" storage="d:\codingtest\codingtest\tests\bin\debug\tests.dll" id="75a2aa73-5963-9cff-214a-bcdfc9d448d7">
      <Execution id="7649a5b1-c603-441e-b767-c33ea0e4daba" />
      <TestMethod codeBase="D:/CodingTest/CodingTest/Tests/bin/Debug/Tests.DLL" adapterTypeName="Microsoft.VisualStudio.TestTools.TestTypes.Unit.UnitTestAdapter, Microsoft.VisualStudio.QualityTools.Tips.UnitTest.Adapter, Version=10.0.0.0, Culture=neutral, PublicKeyToken=b03f5f7f11d50a3a" className="Tests.CodingTests, Tests, Version=1.0.0.0, Culture=neutral, PublicKeyToken=null" name="AddTwoFloatNumber" />
    </UnitTest>
    <UnitTest name="Able_To_LaunchApplication_Page" storage="d:\codingtest\codingtest\tests\bin\debug\tests.dll" id="42d1c841-775c-b490-e9b2-04a0bb9c8531">
      <Execution id="52bf0ce8-57db-4519-8519-8208d7b04506" />
      <TestMethod codeBase="D:/CodingTest/CodingTest/Tests/bin/Debug/Tests.DLL" adapterTypeName="Microsoft.VisualStudio.TestTools.TestTypes.Unit.UnitTestAdapter, Microsoft.VisualStudio.QualityTools.Tips.UnitTest.Adapter, Version=10.0.0.0, Culture=neutral, PublicKeyToken=b03f5f7f11d50a3a" className="Tests.CodingTests, Tests, Version=1.0.0.0, Culture=neutral, PublicKeyToken=null" name="Able_To_LaunchApplication_Page" />
    </UnitTest>
  </TestDefinitions>
  <TestLists>
    <TestList name="Results Not in a List" id="8c84fa94-04c1-424b-9868-57a2d4851a1d" />
    <TestList name="All Loaded Results" id="19431567-8539-422a-85d7-44ee4e166bda" />
  </TestLists>
  <TestEntries>
    <TestEntry testId="42d1c841-775c-b490-e9b2-04a0bb9c8531" executionId="52bf0ce8-57db-4519-8519-8208d7b04506" testListId="8c84fa94-04c1-424b-9868-57a2d4851a1d" />
    <TestEntry testId="75a2aa73-5963-9cff-214a-bcdfc9d448d7" executionId="7649a5b1-c603-441e-b767-c33ea0e4daba" testListId="8c84fa94-04c1-424b-9868-57a2d4851a1d" />
    <TestEntry testId="771074cc-1157-d121-49ab-2c1c12bfa98f" executionId="15d1eb3f-19ca-4b1a-9a66-d3dcc779fe05" testListId="8c84fa94-04c1-424b-9868-57a2d4851a1d" />
    <TestEntry testId="9a20c1b5-5e7f-f1e6-0a25-f6296eb304d5" executionId="57a0525e-608b-4dac-9e1b-dba4f53bca8d" testListId="8c84fa94-04c1-424b-9868-57a2d4851a1d" />
  </TestEntries>
  <Results>
    <UnitTestResult executionId="52bf0ce8-57db-4519-8519-8208d7b04506" testId="42d1c841-775c-b490-e9b2-04a0bb9c8531" testName="Able_To_LaunchApplication_Page" computerName="CHELT0304" duration="00:00:06.4645913" startTime="2014-12-25T03:14:47.2130428+05:30" endTime="2014-12-25T03:14:53.8530773+05:30" testType="13cdc9d9-ddb5-4fa4-a97d-d965ccfc6d4b" outcome="Passed" testListId="8c84fa94-04c1-424b-9868-57a2d4851a1d" relativeResultsDirectory="52bf0ce8-57db-4519-8519-8208d7b04506">
    </UnitTestResult>
    <UnitTestResult executionId="7649a5b1-c603-441e-b767-c33ea0e4daba" testId="75a2aa73-5963-9cff-214a-bcdfc9d448d7" testName="AddTwoFloatNumber" computerName="CHELT0304" duration="00:00:00.0964917" startTime="2014-12-25T03:14:53.8608998+05:30" endTime="2014-12-25T03:14:53.9626655+05:30" testType="13cdc9d9-ddb5-4fa4-a97d-d965ccfc6d4b" outcome="Failed" testListId="8c84fa94-04c1-424b-9868-57a2d4851a1d" relativeResultsDirectory="7649a5b1-c603-441e-b767-c33ea0e4daba">
      <Output>
        <ErrorInfo>
          <Message>Test method Tests.CodingTests.AddTwoFloatNumber threw exception: 
System.InvalidOperationException: no such session
  (Driver info: chromedriver=2.13.307647 (5a7d0541ebc58e69994a6fb2ed930f45261f3c29),platform=Windows NT 6.3 x86_64) (NoSuchDriver)
TestCleanup method Tests.CodingTests.CleanUp threw exception. System.InvalidOperationException: System.InvalidOperationException: no such session
  (Driver info: chromedriver=2.13.307647 (5a7d0541ebc58e69994a6fb2ed930f45261f3c29),platform=Windows NT 6.3 x86_64) (NoSuchDriver).</Message>
          <StackTrace>    at OpenQA.Selenium.Remote.RemoteWebDriver.UnpackAndThrowOnError(Response errorResponse)
   at OpenQA.Selenium.Remote.RemoteWebDriver.Execute(String driverCommandToExecute, Dictionary`2 parameters)
   at OpenQA.Selenium.Remote.RemoteWebDriver.FindElement(String mechanism, String value)
   at OpenQA.Selenium.Remote.RemoteWebDriver.FindElementByTagName(String tagName)
   at OpenQA.Selenium.By.&lt;&gt;c__DisplayClass1a.&lt;TagName&gt;b__18(ISearchContext context)
   at OpenQA.Selenium.By.FindElement(ISearchContext context)
   at OpenQA.Selenium.Remote.RemoteWebDriver.FindElement(By by)
   at TestFramework.Browser.FindResult() in D:\CodingTest\CodingTest\TestFramework\Browser.cs:line 28
   at TestFramework.Calculator.AdditionPage.GetResult() in D:\CodingTest\CodingTest\TestFramework\Calculator.cs:line 36
   at Tests.CodingTests.AddTwoFloatNumber() in D:\CodingTest\CodingTest\Tests\CodingTests.cs:line 32

TestCleanup Stack Trace
    at OpenQA.Selenium.Remote.RemoteWebDriver.UnpackAndThrowOnError(Response errorResponse)
   at OpenQA.Selenium.Remote.RemoteWebDriver.Execute(String driverCommandToExecute, Dictionary`2 parameters)
   at OpenQA.Selenium.Remote.RemoteWebDriver.Close()
   at TestFramework.Browser.Close() in D:\CodingTest\CodingTest\TestFramework\Browser.cs:line 22
   at Tests.CodingTests.CleanUp() in D:\CodingTest\CodingTest\Tests\CodingTests.cs:line 46
</StackTrace>
        </ErrorInfo>
      </Output>
    </UnitTestResult>
    <UnitTestResult executionId="15d1eb3f-19ca-4b1a-9a66-d3dcc779fe05" testId="771074cc-1157-d121-49ab-2c1c12bfa98f" testName="AddTwoDoubleNumber" computerName="CHELT0304" duration="00:00:00.0049011" startTime="2014-12-25T03:14:53.9646210+05:30" endTime="2014-12-25T03:14:53.9724423+05:30" testType="13cdc9d9-ddb5-4fa4-a97d-d965ccfc6d4b" outcome="Failed" testListId="8c84fa94-04c1-424b-9868-57a2d4851a1d" relativeResultsDirectory="15d1eb3f-19ca-4b1a-9a66-d3dcc779fe05">
      <Output>
        <ErrorInfo>
          <Message>Test method Tests.CodingTests.AddTwoDoubleNumber threw exception: 
System.InvalidOperationException: no such session
  (Driver info: chromedriver=2.13.307647 (5a7d0541ebc58e69994a6fb2ed930f45261f3c29),platform=Windows NT 6.3 x86_64) (NoSuchDriver)
TestCleanup method Tests.CodingTests.CleanUp threw exception. System.InvalidOperationException: System.InvalidOperationException: no such session
  (Driver info: chromedriver=2.13.307647 (5a7d0541ebc58e69994a6fb2ed930f45261f3c29),platform=Windows NT 6.3 x86_64) (NoSuchDriver).</Message>
          <StackTrace>    at OpenQA.Selenium.Remote.RemoteWebDriver.UnpackAndThrowOnError(Response errorResponse)
   at OpenQA.Selenium.Remote.RemoteWebDriver.Execute(String driverCommandToExecute, Dictionary`2 parameters)
   at OpenQA.Selenium.Remote.RemoteWebDriver.FindElement(String mechanism, String value)
   at OpenQA.Selenium.Remote.RemoteWebDriver.FindElementByTagName(String tagName)
   at OpenQA.Selenium.By.&lt;&gt;c__DisplayClass1a.&lt;TagName&gt;b__18(ISearchContext context)
   at OpenQA.Selenium.By.FindElement(ISearchContext context)
   at OpenQA.Selenium.Remote.RemoteWebDriver.FindElement(By by)
   at TestFramework.Browser.FindResult() in D:\CodingTest\CodingTest\TestFramework\Browser.cs:line 28
   at TestFramework.Calculator.AdditionPage.GetResult() in D:\CodingTest\CodingTest\TestFramework\Calculator.cs:line 36
   at Tests.CodingTests.AddTwoDoubleNumber() in D:\CodingTest\CodingTest\Tests\CodingTests.cs:line 40

TestCleanup Stack Trace
    at OpenQA.Selenium.Remote.RemoteWebDriver.UnpackAndThrowOnError(Response errorResponse)
   at OpenQA.Selenium.Remote.RemoteWebDriver.Execute(String driverCommandToExecute, Dictionary`2 parameters)
   at OpenQA.Selenium.Remote.RemoteWebDriver.Close()
   at TestFramework.Browser.Close() in D:\CodingTest\CodingTest\TestFramework\Browser.cs:line 22
   at Tests.CodingTests.CleanUp() in D:\CodingTest\CodingTest\Tests\CodingTests.cs:line 46
</StackTrace>
        </ErrorInfo>
      </Output>
    </UnitTestResult>
    <UnitTestResult executionId="57a0525e-608b-4dac-9e1b-dba4f53bca8d" testId="9a20c1b5-5e7f-f1e6-0a25-f6296eb304d5" testName="AddTwoInteger" computerName="CHELT0304" duration="00:00:00.0055883" startTime="2014-12-25T03:14:53.9773305+05:30" endTime="2014-12-25T03:14:53.9861287+05:30" testType="13cdc9d9-ddb5-4fa4-a97d-d965ccfc6d4b" outcome="Failed" testListId="8c84fa94-04c1-424b-9868-57a2d4851a1d" relativeResultsDirectory="57a0525e-608b-4dac-9e1b-dba4f53bca8d">
      <Output>
        <ErrorInfo>
          <Message>Test method Tests.CodingTests.AddTwoInteger threw exception: 
System.InvalidOperationException: no such session
  (Driver info: chromedriver=2.13.307647 (5a7d0541ebc58e69994a6fb2ed930f45261f3c29),platform=Windows NT 6.3 x86_64) (NoSuchDriver)
TestCleanup method Tests.CodingTests.CleanUp threw exception. System.InvalidOperationException: System.InvalidOperationException: no such session
  (Driver info: chromedriver=2.13.307647 (5a7d0541ebc58e69994a6fb2ed930f45261f3c29),platform=Windows NT 6.3 x86_64) (NoSuchDriver).</Message>
          <StackTrace>    at OpenQA.Selenium.Remote.RemoteWebDriver.UnpackAndThrowOnError(Response errorResponse)
   at OpenQA.Selenium.Remote.RemoteWebDriver.Execute(String driverCommandToExecute, Dictionary`2 parameters)
   at OpenQA.Selenium.Remote.RemoteWebDriver.FindElement(String mechanism, String value)
   at OpenQA.Selenium.Remote.RemoteWebDriver.FindElementByTagName(String tagName)
   at OpenQA.Selenium.By.&lt;&gt;c__DisplayClass1a.&lt;TagName&gt;b__18(ISearchContext context)
   at OpenQA.Selenium.By.FindElement(ISearchContext context)
   at OpenQA.Selenium.Remote.RemoteWebDriver.FindElement(By by)
   at TestFramework.Browser.FindResult() in D:\CodingTest\CodingTest\TestFramework\Browser.cs:line 28
   at TestFramework.Calculator.AdditionPage.GetResult() in D:\CodingTest\CodingTest\TestFramework\Calculator.cs:line 36
   at Tests.CodingTests.AddTwoInteger() in D:\CodingTest\CodingTest\Tests\CodingTests.cs:line 24

TestCleanup Stack Trace
    at OpenQA.Selenium.Remote.RemoteWebDriver.UnpackAndThrowOnError(Response errorResponse)
   at OpenQA.Selenium.Remote.RemoteWebDriver.Execute(String driverCommandToExecute, Dictionary`2 parameters)
   at OpenQA.Selenium.Remote.RemoteWebDriver.Close()
   at TestFramework.Browser.Close() in D:\CodingTest\CodingTest\TestFramework\Browser.cs:line 22
   at Tests.CodingTests.CleanUp() in D:\CodingTest\CodingTest\Tests\CodingTests.cs:line 46
</StackTrace>
        </ErrorInfo>
      </Output>
    </UnitTestResult>
  </Results>
</TestRun>